My SLURM_ARRAY_JOB_ID is 43916808.
My SLURM_ARRAY_TASK_ID is 12
Executing on the machine: della-r3c1n1
JLD FILE = eps3_high_dlogw_du
Threads: 11
----------------------------
GLOBAL ITERATION STEP: 1
----------------------------
Iter     Function value    √(Σ(yᵢ-ȳ)²)/n 
------   --------------    --------------
     0     1.610205e+00     2.769493e-02
 * time: 0.0219118595123291
     1     1.610205e+00     6.703457e-03
 * time: 126.96573686599731
     2     1.610205e+00     8.000032e-03
 * time: 404.5367679595947
     3     1.602428e+00     1.254025e-02
 * time: 691.6899569034576
     4     1.584836e+00     1.110230e-02
 * time: 832.2006998062134
