My SLURM_ARRAY_JOB_ID is 43916811.
My SLURM_ARRAY_TASK_ID is 3
Executing on the machine: della-r2c4n3
JLD FILE = fix_eps04
Threads: 11
----------------------------
GLOBAL ITERATION STEP: 1
----------------------------
Iter     Function value    √(Σ(yᵢ-ȳ)²)/n 
------   --------------    --------------
     0     1.374343e+01     1.857438e+00
 * time: 0.02527904510498047
     1     1.374343e+01     1.804455e+00
 * time: 388.74442887306213
     2     1.239836e+01     1.789173e+00
 * time: 576.4851100444794
     3     1.239836e+01     2.025042e+00
 * time: 959.6526069641113
     4     9.592975e+00     2.228282e+00
 * time: 1343.2507359981537
     5     7.680811e+00     2.150501e+00
 * time: 1531.0749399662018
     6     7.680811e+00     2.293004e+00
 * time: 1909.5533699989319
     7     5.549971e+00     2.188802e+00
 * time: 2282.0009479522705
     8     3.204249e+00     1.990322e+00
 * time: 2472.510982990265
     9     3.204249e+00     2.011207e+00
 * time: 2834.2606370449066
