My SLURM_ARRAY_JOB_ID is 43916811.
My SLURM_ARRAY_TASK_ID is 4
Executing on the machine: della-r2c4n5
JLD FILE = fix_eps04
Threads: 11
----------------------------
GLOBAL ITERATION STEP: 1
----------------------------
Iter     Function value    √(Σ(yᵢ-ȳ)²)/n 
------   --------------    --------------
     0     4.963686e+00     1.322799e+00
 * time: 0.026482820510864258
     1     4.963686e+00     1.317788e+00
 * time: 213.87652897834778
     2     4.963686e+00     1.358657e+00
 * time: 631.0075988769531
     3     3.583450e+00     1.116814e+00
 * time: 1055.4130449295044
     4     2.379034e+00     1.126018e+00
 * time: 1265.0814898014069
     5     2.379034e+00     9.987084e-01
 * time: 1692.2152678966522
     6     2.296528e+00     4.721857e-01
 * time: 1903.4703178405762
     7     2.296528e+00     1.678159e-01
 * time: 2312.4753079414368
     8     2.296528e+00     1.351436e-01
 * time: 2682.9386279582977
