My SLURM_ARRAY_JOB_ID is 43916811.
My SLURM_ARRAY_TASK_ID is 5
Executing on the machine: della-r3c1n16
JLD FILE = fix_eps04
Threads: 11
----------------------------
GLOBAL ITERATION STEP: 1
----------------------------
Iter     Function value    √(Σ(yᵢ-ȳ)²)/n 
------   --------------    --------------
     0     6.123434e+01     8.413448e+00
 * time: 0.021651029586791992
     1     6.123434e+01     8.512160e+00
 * time: 150.44986295700073
     2     6.123434e+01     9.599083e+00
 * time: 447.8619840145111
     3     5.547646e+01     1.130043e+01
 * time: 742.5027389526367
     4     4.123480e+01     1.338745e+01
 * time: 1032.4946949481964
     5     3.008564e+01     1.282704e+01
 * time: 1177.9523811340332
     6     3.008564e+01     1.383983e+01
 * time: 1471.0734889507294
     7     1.366272e+01     1.338638e+01
 * time: 1745.6645641326904
     8     3.547940e+00     1.249763e+01
 * time: 2002.1126000881195
     9     1.037063e+00     1.110872e+01
 * time: 2130.991189956665
    10     1.037063e+00     5.342458e+00
 * time: 2259.8632431030273
    11     1.037063e+00     3.841947e+00
 * time: 2517.61025595665
    12     1.037063e+00     1.698652e+00
 * time: 2772.453309059143
    13     1.037063e+00     1.157284e+00
 * time: 3032.810324907303
    14     1.037063e+00     9.755477e-01
 * time: 3292.240133047104
