My SLURM_ARRAY_JOB_ID is 43916811.
My SLURM_ARRAY_TASK_ID is 6
Executing on the machine: della-r3c2n1
JLD FILE = fix_eps04
Threads: 11
----------------------------
GLOBAL ITERATION STEP: 1
----------------------------
Iter     Function value    √(Σ(yᵢ-ȳ)²)/n 
------   --------------    --------------
     0     4.129190e+01     9.829411e+00
 * time: 0.022244930267333984
     1     4.129190e+01     9.323443e+00
 * time: 157.25983691215515
     2     4.129190e+01     9.241517e+00
 * time: 306.89743304252625
     3     4.129190e+01     1.052657e+01
 * time: 619.520192861557
     4     2.663515e+01     1.178280e+01
 * time: 925.9936699867249
     5     1.481297e+01     1.146845e+01
 * time: 1067.7263939380646
     6     1.481297e+01     1.189538e+01
 * time: 1336.6946549415588
     7     6.374442e+00     8.921205e+00
 * time: 1599.987578868866
     8     9.586910e-01     6.904419e+00
 * time: 1859.1963739395142
     9     9.496090e-01     5.180013e+00
 * time: 1993.4228038787842
    10     9.496090e-01     2.349637e+00
 * time: 2261.781357049942
    11     9.496090e-01     1.869949e+00
 * time: 2529.949730873108
    12     9.496090e-01     8.097003e-01
 * time: 2792.148020029068
    13     9.496090e-01     4.788265e-01
 * time: 3058.722713947296
