My SLURM_ARRAY_JOB_ID is 43916811.
My SLURM_ARRAY_TASK_ID is 2
Executing on the machine: della-r2c3n14
JLD FILE = fix_eps04
Threads: 11
----------------------------
GLOBAL ITERATION STEP: 1
----------------------------
Iter     Function value    √(Σ(yᵢ-ȳ)²)/n 
------   --------------    --------------
     0     6.515533e+00     4.817800e-01
 * time: 0.02754497528076172
     1     6.515533e+00     4.732879e-01
 * time: 222.7650330066681
     2     6.515533e+00     5.397992e-01
 * time: 672.0763430595398
     3     5.706559e+00     6.114852e-01
 * time: 1106.6938560009003
     4     5.099283e+00     6.297841e-01
 * time: 1332.1060070991516
     5     5.099283e+00     7.347900e-01
 * time: 1766.3963360786438
     6     4.299930e+00     7.647279e-01
 * time: 2207.234733104706
     7     3.508949e+00     9.362824e-01
 * time: 2657.0340991020203
     8     2.704838e+00     9.102424e-01
 * time: 2877.9945981502533
