My SLURM_ARRAY_JOB_ID is 43916811.
My SLURM_ARRAY_TASK_ID is 1
Executing on the machine: della-r2c3n3
JLD FILE = fix_eps04
Threads: 11
----------------------------
GLOBAL ITERATION STEP: 1
----------------------------
Iter     Function value    √(Σ(yᵢ-ȳ)²)/n 
------   --------------    --------------
     0     1.822849e+01     2.324045e+00
 * time: 0.025036096572875977
     1     1.822849e+01     2.304517e+00
 * time: 204.39894199371338
     2     1.822849e+01     2.575175e+00
 * time: 608.7967541217804
     3     1.603846e+01     3.098669e+00
 * time: 1010.4523839950562
     4     1.211265e+01     3.032054e+00
 * time: 1210.6419670581818
     5     1.211265e+01     3.431716e+00
 * time: 1613.3166580200195
     6     8.345971e+00     3.512450e+00
 * time: 2010.3091549873352
     7     5.843851e+00     3.743664e+00
 * time: 2414.554724931717
     8     2.447956e+00     3.596861e+00
 * time: 2615.1675701141357
     9     2.447956e+00     2.563141e+00
 * time: 3015.7885949611664
