My SLURM_ARRAY_JOB_ID is 43916811.
My SLURM_ARRAY_TASK_ID is 7
Executing on the machine: della-r3c2n2
JLD FILE = fix_eps04
Threads: 11
----------------------------
GLOBAL ITERATION STEP: 1
----------------------------
Iter     Function value    √(Σ(yᵢ-ȳ)²)/n 
------   --------------    --------------
     0     7.738136e+00     6.896950e-01
 * time: 0.023066043853759766
     1     7.738136e+00     6.792556e-01
 * time: 137.69644713401794
     2     7.738136e+00     7.665274e-01
 * time: 406.43081498146057
     3     7.086452e+00     1.037209e+00
 * time: 671.863007068634
     4     5.913586e+00     1.135890e+00
 * time: 940.1629109382629
     5     5.119841e+00     1.364680e+00
 * time: 1201.054543018341
     6     3.917160e+00     1.299106e+00
 * time: 1469.7373061180115
     7     3.540460e+00     1.054849e+00
 * time: 1736.658015012741
     8     3.540460e+00     1.023962e+00
 * time: 1985.2541961669922
     9     3.182309e+00     7.982294e-01
 * time: 2214.5836279392242
    10     3.182309e+00     7.027208e-01
 * time: 2445.6053941249847
    11     3.182309e+00     5.675740e-01
 * time: 2679.8557629585266
    12     3.182309e+00     5.294758e-01
 * time: 2930.735981941223
    13     3.118708e+00     3.782336e-01
 * time: 3184.2621200084686
